#
# An unexpected error has been detected by Java Runtime Environment:
#
#  EXCEPTION_ACCESS_VIOLATION (0xc0000005) at pc=0x79992d10, pid=7656, tid=1384
#
# Java VM: Java HotSpot(TM) Client VM (11.2-b01 mixed mode windows-x86)
# Problematic frame:
# C  [awt.dll+0xa2d10]
#
# If you would like to submit a bug report, please visit:
#   http://java.sun.com/webapps/bugreport/crash.jsp
# The crash happened outside the Java Virtual Machine in native code.
# See problematic frame for where to report the bug.
#

---------------  T H R E A D  ---------------

Current thread (0x1a62ac00):  JavaThread "AWT-EventQueue-0" [_thread_in_native, id=1384, stack(0x1b4b0000,0x1b530000)]

siginfo: ExceptionCode=0xc0000005, reading address 0x00000004

Registers:
EAX=0x0000000d, EBX=0x1a7fd698, ECX=0x00000000, EDX=0x77be6194
ESP=0x1b52ecb4, EBP=0x760e61d0, ESI=0xbd010f3c, EDI=0x1a5a0c10
EIP=0x79992d10, EFLAGS=0x00010213

Top of Stack: (sp=0x1b52ecb4)
0x1b52ecb4:   79956a0a bd010f3c 1b52f230 1a62ad14
0x1b52ecc4:   1b52f1d0 1a5a0c10 7993c46e 1a62ad14
0x1b52ecd4:   1a5a0c10 08407d48 7993c491 00000001
0x1b52ece4:   1a62ac00 1a62ad14 7995408c 1a62ad14
0x1b52ecf4:   1b52f230 1a62ac00 00000000 00000000
0x1b52ed04:   1b52ed4c 7bfc218a 057c0000 00000000
0x1b52ed14:   08407d48 1b52eda8 1a62ad14 1d40ae00
0x1b52ed24:   1a57eae0 79c306ff 1a62ad14 1b52eda8 

Instructions: (pc=0x79992d10)
0x79992d00:   8b 41 04 8b 80 0c 0c 00 00 c3 cc cc cc cc cc cc
0x79992d10:   8b 49 04 85 c9 74 05 e9 94 81 fe ff 33 c0 c2 04 


Stack: [0x1b4b0000,0x1b530000],  sp=0x1b52ecb4,  free space=507k
Native frames: (J=compiled Java code, j=interpreted, Vv=VM code, C=native code)
C  [awt.dll+0xa2d10]

Java frames: (J=compiled Java code, j=interpreted, Vv=VM code)
J  sun.java2d.windows.GDIBlitLoops.nativeBlit(Lsun/java2d/SurfaceData;Lsun/java2d/SurfaceData;Lsun/java2d/pipe/Region;IIIIIIIIIZ)V
J  sun.java2d.windows.GDIBlitLoops.Blit(Lsun/java2d/SurfaceData;Lsun/java2d/SurfaceData;Ljava/awt/Composite;Lsun/java2d/pipe/Region;IIIIII)V
J  sun.java2d.pipe.DrawImage.blitSurfaceData(Lsun/java2d/SunGraphics2D;Lsun/java2d/pipe/Region;Lsun/java2d/SurfaceData;Lsun/java2d/SurfaceData;Lsun/java2d/loops/SurfaceType;Lsun/java2d/loops/SurfaceType;IIIIIILjava/awt/Color;)V
J  sun.java2d.pipe.DrawImage.renderImageCopy(Lsun/java2d/SunGraphics2D;Ljava/awt/Image;Ljava/awt/Color;IIIIII)Z
J  sun.java2d.pipe.DrawImage.copyImage(Lsun/java2d/SunGraphics2D;Ljava/awt/Image;IILjava/awt/Color;)Z
J  sun.java2d.pipe.DrawImage.copyImage(Lsun/java2d/SunGraphics2D;Ljava/awt/Image;IILjava/awt/Color;Ljava/awt/image/ImageObserver;)Z
J  sun.java2d.pipe.ValidatePipe.copyImage(Lsun/java2d/SunGraphics2D;Ljava/awt/Image;IILjava/awt/Color;Ljava/awt/image/ImageObserver;)Z
J  sun.java2d.SunGraphics2D.drawImage(Ljava/awt/Image;IILjava/awt/Color;Ljava/awt/image/ImageObserver;)Z
J  sun.java2d.SunGraphics2D.drawImage(Ljava/awt/Image;IILjava/awt/image/ImageObserver;)Z
J  javax.swing.RepaintManager$PaintManager.paintDoubleBuffered(Ljavax/swing/JComponent;Ljava/awt/Image;Ljava/awt/Graphics;IIII)V
J  javax.swing.RepaintManager$PaintManager.paint(Ljavax/swing/JComponent;Ljavax/swing/JComponent;Ljava/awt/Graphics;IIII)Z
J  javax.swing.RepaintManager.paint(Ljavax/swing/JComponent;Ljavax/swing/JComponent;Ljava/awt/Graphics;IIII)V
J  javax.swing.JComponent._paintImmediately(IIII)V
J  javax.swing.JComponent.paintImmediately(IIII)V
J  javax.swing.RepaintManager.paintDirtyRegions(Ljava/util/Map;)V
J  javax.swing.RepaintManager.paintDirtyRegions()V
J  javax.swing.RepaintManager.seqPaintDirtyRegions()V
J  javax.swing.SystemEventQueueUtilities$ComponentWorkRequest.run()V
J  java.awt.event.InvocationEvent.dispatch()V
J  java.awt.EventQueue.dispatchEvent(Ljava/awt/AWTEvent;)V
J  java.awt.EventDispatchThread.pumpOneEventForFilters(I)Z
J  java.awt.EventDispatchThread.pumpEventsForFilter(ILjava/awt/Conditional;Ljava/awt/EventFilter;)V
j  java.awt.EventDispatchThread.pumpEventsForHierarchy(ILjava/awt/Conditional;Ljava/awt/Component;)V+11
j  java.awt.EventDispatchThread.pumpEvents(ILjava/awt/Conditional;)V+4
j  java.awt.EventDispatchThread.pumpEvents(Ljava/awt/Conditional;)V+3
j  java.awt.EventDispatchThread.run()V+9
v  ~StubRoutines::call_stub

---------------  P R O C E S S  ---------------

Java Threads: ( => current thread )
  0x1a8a4400 JavaThread "Foxtrot Multi Worker Thread Runner #1" daemon [_thread_blocked, id=8804, stack(0x17000000,0x17080000)]
  0x1a8a9800 JavaThread "Thread-852" [_thread_in_native, id=6904, stack(0x22b20000,0x23320000)]
  0x1a8a9400 JavaThread "Thread-673" [_thread_blocked, id=9784, stack(0x16e80000,0x16f00000)]
  0x1a8a7c00 JavaThread "Thread-522" [_thread_blocked, id=10064, stack(0x04cf0000,0x04d70000)]
  0x1a8a6c00 JavaThread "Active Reference Queue Daemon" daemon [_thread_blocked, id=10016, stack(0x04ec0000,0x04f40000)]
  0x1a8a6000 JavaThread "Timer-51" daemon [_thread_blocked, id=6812, stack(0x04e40000,0x04ec0000)]
  0x1a8a3c00 JavaThread "FelixPackageAdmin" daemon [_thread_blocked, id=6656, stack(0x1e210000,0x1e290000)]
  0x1a8a7800 JavaThread "FelixStartLevel" daemon [_thread_blocked, id=7508, stack(0x21ad0000,0x21b50000)]
  0x1a8a7000 JavaThread "FelixDispatchQueue" daemon [_thread_blocked, id=3840, stack(0x21a50000,0x21ad0000)]
  0x1a8a5000 JavaThread "Timer-3" daemon [_thread_blocked, id=6660, stack(0x1e170000,0x1e1f0000)]
  0x1a8a3800 JavaThread "Prefs Updater" daemon [_thread_blocked, id=7408, stack(0x1cff0000,0x1d070000)]
  0x1a7a0c00 JavaThread "Timer-1" [_thread_blocked, id=8116, stack(0x1b5c0000,0x1b640000)]
  0x1a2fec00 JavaThread "TimerQueue" daemon [_thread_blocked, id=4032, stack(0x1b530000,0x1b5b0000)]
=>0x1a62ac00 JavaThread "AWT-EventQueue-0" [_thread_in_native, id=1384, stack(0x1b4b0000,0x1b530000)]
  0x1a54cc00 JavaThread "AWT-Windows" daemon [_thread_in_native, id=1152, stack(0x1abe0000,0x1ac60000)]
  0x1a4df800 JavaThread "AWT-Shutdown" [_thread_blocked, id=176, stack(0x1ab60000,0x1abe0000)]
  0x1a4dc400 JavaThread "Java2D Disposer" daemon [_thread_blocked, id=4484, stack(0x1aae0000,0x1ab60000)]
  0x19d45800 JavaThread "Timer-0" [_thread_blocked, id=6168, stack(0x19e60000,0x19ee0000)]
  0x19c9d000 JavaThread "JMI Unnamed Thread" [_thread_in_native, id=7876, stack(0x04f50000,0x05750000)]
  0x08404400 JavaThread "Low Memory Detector" daemon [_thread_blocked, id=3964, stack(0x16cd0000,0x16d50000)]
  0x08400400 JavaThread "CompilerThread0" daemon [_thread_blocked, id=3668, stack(0x18c60000,0x19460000)]
  0x083f5000 JavaThread "Attach Listener" daemon [_thread_blocked, id=2480, stack(0x16c50000,0x16cd0000)]
  0x083b7c00 JavaThread "Finalizer" daemon [_thread_blocked, id=7356, stack(0x167a0000,0x16820000)]
  0x083b6800 JavaThread "Reference Handler" daemon [_thread_blocked, id=5252, stack(0x16720000,0x167a0000)]
  0x057c7000 JavaThread "main" [_thread_in_native, id=4420, stack(0x00430000,0x00c30000)]

Other Threads:
  0x083b0c00 VMThread [stack: 0x18460000,0x18c60000] [id=2844]
  0x0840e800 WatcherThread [stack: 0x19460000,0x19c60000] [id=7648]

VM state:not at safepoint (normal execution)

VM Mutex/Monitor currently owned by a thread: None

Heap
 def new generation   total 29504K, used 19570K [0x0a550000, 0x0c550000, 0x0c550000)
  eden space 26240K,  69% used [0x0a550000, 0x0b72f5d8, 0x0bef0000)
  from space 3264K,  38% used [0x0bef0000, 0x0c02d370, 0x0c220000)
  to   space 3264K,   0% used [0x0c220000, 0x0c220000, 0x0c550000)
 tenured generation   total 98304K, used 68896K [0x0c550000, 0x12550000, 0x12550000)
   the space 98304K,  70% used [0x0c550000, 0x10898150, 0x10898200, 0x12550000)
 compacting perm gen  total 38912K, used 38727K [0x12550000, 0x14b50000, 0x16550000)
   the space 38912K,  99% used [0x12550000, 0x14b21f30, 0x14b22000, 0x14b50000)
No shared spaces configured.

Dynamic libraries:
0x00400000 - 0x00425000 	C:\Program Files\MATLAB\R2010a\bin\win32\MATLAB.exe
0x77ba0000 - 0x77cdc000 	C:\Windows\SYSTEM32\ntdll.dll
0x778d0000 - 0x779a4000 	C:\Windows\system32\kernel32.dll
0x75ec0000 - 0x75f0a000 	C:\Windows\system32\KERNELBASE.dll
0x7b940000 - 0x7b9ec000 	C:\Program Files\MATLAB\R2010a\bin\win32\libut.dll
0x76ff0000 - 0x7701a000 	C:\Windows\system32\imagehlp.dll
0x77d00000 - 0x77dac000 	C:\Windows\system32\msvcrt.dll
0x76040000 - 0x760e0000 	C:\Windows\system32\ADVAPI32.dll
0x77ce0000 - 0x77cf9000 	C:\Windows\SYSTEM32\sechost.dll
0x77310000 - 0x773b1000 	C:\Windows\system32\RPCRT4.dll
0x776a0000 - 0x776a5000 	C:\Windows\system32\PSAPI.DLL
0x7bfa0000 - 0x7bfbf000 	C:\Program Files\MATLAB\R2010a\bin\win32\LIBEXPAT.dll
0x73690000 - 0x7372b000 	C:\Windows\WinSxS\x86_microsoft.vc80.crt_1fc8b3b9a1e18e3b_8.0.50727.6195_none_d09154e044272b9a\MSVCR80.dll
0x7bd50000 - 0x7be38000 	C:\Program Files\MATLAB\R2010a\bin\win32\icuuc40.dll
0x7b4b0000 - 0x7b4b4000 	C:\Program Files\MATLAB\R2010a\bin\win32\icudt40.dll
0x7b4c0000 - 0x7b4cc000 	C:\Program Files\MATLAB\R2010a\bin\win32\icuio40.dll
0x7b670000 - 0x7b768000 	C:\Program Files\MATLAB\R2010a\bin\win32\icuin40.dll
0x00110000 - 0x00197000 	C:\Windows\WinSxS\x86_microsoft.vc80.crt_1fc8b3b9a1e18e3b_8.0.50727.6195_none_d09154e044272b9a\MSVCP80.dll
0x774e0000 - 0x775a9000 	C:\Windows\system32\USER32.dll
0x760e0000 - 0x7612e000 	C:\Windows\system32\GDI32.dll
0x76d80000 - 0x76d8a000 	C:\Windows\system32\LPK.dll
0x76da0000 - 0x76e3d000 	C:\Windows\system32\USP10.dll
0x78770000 - 0x787ee000 	C:\Program Files\MATLAB\R2010a\bin\win32\libmwfl.dll
0x7d160000 - 0x7d16e000 	C:\Program Files\MATLAB\R2010a\bin\win32\boost_date_time-vc80-mt-1_36.dll
0x7d330000 - 0x7d346000 	C:\Program Files\MATLAB\R2010a\bin\win32\boost_filesystem-vc80-mt-1_36.dll
0x7c500000 - 0x7c507000 	C:\Program Files\MATLAB\R2010a\bin\win32\boost_system-vc80-mt-1_36.dll
0x7d050000 - 0x7d060000 	C:\Program Files\MATLAB\R2010a\bin\win32\boost_signals-vc80-mt-1_36.dll
0x7b4a0000 - 0x7b4ac000 	C:\Program Files\MATLAB\R2010a\bin\win32\boost_thread-vc80-mt-1_36.dll
0x7ba50000 - 0x7bc63000 	C:\Program Files\MATLAB\R2010a\bin\win32\libmwservices.dll
0x7b9f0000 - 0x7ba4d000 	C:\Program Files\MATLAB\R2010a\bin\win32\libmx.dll
0x78c90000 - 0x78ca3000 	C:\Program Files\MATLAB\R2010a\bin\win32\zlib1.dll
0x7bc70000 - 0x7bd47000 	C:\Program Files\MATLAB\R2010a\bin\win32\libmwmathutil.dll
0x79e30000 - 0x79e6a000 	C:\Program Files\MATLAB\R2010a\bin\win32\mpath.dll
0x7c0a0000 - 0x7c166000 	C:\Program Files\MATLAB\R2010a\bin\win32\mlutil.dll
0x7cfb0000 - 0x7d00e000 	C:\Program Files\MATLAB\R2010a\bin\win32\xmlcore.dll
0x79720000 - 0x798e2000 	C:\Program Files\MATLAB\R2010a\bin\win32\xerces-c_2_7.dll
0x77250000 - 0x77285000 	C:\Windows\system32\WS2_32.dll
0x76d90000 - 0x76d96000 	C:\Windows\system32\NSI.dll
0x76130000 - 0x76d79000 	C:\Windows\system32\SHELL32.dll
0x775b0000 - 0x77607000 	C:\Windows\system32\SHLWAPI.dll
0x78720000 - 0x7874e000 	C:\Program Files\MATLAB\R2010a\bin\win32\tbb.dll
0x71b30000 - 0x71bb4000 	C:\Windows\WinSxS\x86_microsoft.windows.common-controls_6595b64144ccf1df_5.82.7600.16661_none_ebfb56996c72aefc\COMCTL32.dll
0x77290000 - 0x7730b000 	C:\Windows\system32\comdlg32.dll
0x74380000 - 0x74391000 	C:\Windows\system32\NETAPI32.dll
0x74370000 - 0x74379000 	C:\Windows\system32\netutils.dll
0x75b80000 - 0x75b99000 	C:\Windows\system32\srvcli.dll
0x74360000 - 0x7436f000 	C:\Windows\system32\wkscli.dll
0x7a0e0000 - 0x7a144000 	C:\Program Files\MATLAB\R2010a\bin\win32\mcr.dll
0x7e890000 - 0x7e8a9000 	C:\Program Files\MATLAB\R2010a\bin\win32\libmwi18n.dll
0x7b4d0000 - 0x7b539000 	C:\Program Files\MATLAB\R2010a\bin\win32\iqm.dll
0x7a6c0000 - 0x7ab7b000 	C:\Program Files\MATLAB\R2010a\bin\win32\m_interpreter.dll
0x7b550000 - 0x7b561000 	C:\Program Files\MATLAB\R2010a\bin\win32\libmex.dll
0x79fb0000 - 0x7a017000 	C:\Program Files\MATLAB\R2010a\bin\win32\m_dispatcher.dll
0x7d280000 - 0x7d31d000 	C:\Program Files\MATLAB\R2010a\bin\win32\boost_regex-vc80-mt-1_36.dll
0x79ec0000 - 0x79f1b000 	C:\Program Files\MATLAB\R2010a\bin\win32\profiler.dll
0x7b5d0000 - 0x7b5f2000 	C:\Program Files\MATLAB\R2010a\bin\win32\libmwmathrng.dll
0x78c00000 - 0x78c12000 	C:\Program Files\MATLAB\R2010a\bin\win32\m_pcodeio.dll
0x79df0000 - 0x79e27000 	C:\Program Files\MATLAB\R2010a\bin\win32\m_ir.dll
0x7a1d0000 - 0x7a6bd000 	C:\Program Files\MATLAB\R2010a\bin\win32\m_parser.dll
0x7b540000 - 0x7b54e000 	C:\Program Files\MATLAB\R2010a\bin\win32\ir_xfmr.dll
0x787f0000 - 0x7894e000 	C:\Program Files\MATLAB\R2010a\bin\win32\mcos.dll
0x7b610000 - 0x7b61a000 	C:\Program Files\MATLAB\R2010a\bin\win32\mtok.dll
0x78be0000 - 0x78bfa000 	C:\Program Files\MATLAB\R2010a\bin\win32\m_pcodegen.dll
0x7e810000 - 0x7e844000 	C:\Program Files\MATLAB\R2010a\bin\win32\libmwspmatrix.dll
0x7e850000 - 0x7e871000 	C:\Program Files\MATLAB\R2010a\bin\win32\libmwbridge.dll
0x7b180000 - 0x7b209000 	C:\Program Files\MATLAB\R2010a\bin\win32\udd.dll
0x7be40000 - 0x7bf3f000 	C:\Program Files\MATLAB\R2010a\bin\win32\libmwgui.dll
0x78cf0000 - 0x7914f000 	C:\Program Files\MATLAB\R2010a\bin\win32\hg.dll
0x78b60000 - 0x78b92000 	C:\Program Files\MATLAB\R2010a\bin\win32\libmat.dll
0x7b770000 - 0x7b939000 	C:\Program Files\MATLAB\R2010a\bin\win32\libhdf5.dll
0x79d40000 - 0x79d96000 	C:\Program Files\MATLAB\R2010a\bin\win32\jmi.dll
0x79a40000 - 0x79a70000 	C:\Program Files\MATLAB\R2010a\bin\win32\libmwhardcopy.dll
0x79da0000 - 0x79de3000 	C:\Program Files\MATLAB\R2010a\bin\win32\libuij.dll
0x78630000 - 0x7871f000 	C:\Program Files\MATLAB\R2010a\bin\win32\hgdatatypes.dll
0x785c0000 - 0x78628000 	C:\Program Files\MATLAB\R2010a\bin\win32\hgutils.dll
0x78ba0000 - 0x78bd4000 	C:\Program Files\MATLAB\R2010a\bin\win32\libmwlapack.dll
0x7b580000 - 0x7b58e000 	C:\Program Files\MATLAB\R2010a\bin\win32\libmwbinder.dll
0x7b210000 - 0x7b492000 	C:\Program Files\MATLAB\R2010a\bin\win32\uiw.dll
0x7b660000 - 0x7b669000 	C:\Program Files\MATLAB\R2010a\bin\win32\uinone.dll
0x00db0000 - 0x00ebf000 	C:\Windows\WinSxS\x86_microsoft.vc80.mfc_1fc8b3b9a1e18e3b_8.0.50727.6195_none_cbf5e994470a1a8f\MFC80.DLL
0x74520000 - 0x74571000 	C:\Windows\system32\WINSPOOL.DRV
0x76e40000 - 0x76f9c000 	C:\Windows\system32\ole32.dll
0x77020000 - 0x770af000 	C:\Windows\system32\OLEAUT32.dll
0x7a150000 - 0x7a1cc000 	C:\Program Files\MATLAB\R2010a\bin\win32\udd_mi.dll
0x78c20000 - 0x78c37000 	C:\Program Files\MATLAB\R2010a\bin\win32\mwoles05.DLL
0x79e70000 - 0x79eb9000 	C:\Program Files\MATLAB\R2010a\bin\win32\comcli.dll
0x00ef0000 - 0x00f0b000 	C:\Windows\WinSxS\x86_microsoft.vc80.atl_1fc8b3b9a1e18e3b_8.0.50727.6195_none_d1cb102c435421de\ATL80.DLL
0x7b600000 - 0x7b60b000 	C:\Program Files\MATLAB\R2010a\bin\win32\mlautoregister.dll
0x77db0000 - 0x77dcf000 	C:\Windows\system32\IMM32.DLL
0x77ad0000 - 0x77b9c000 	C:\Windows\system32\MSCTF.dll
0x00f70000 - 0x00f7a000 	C:\Windows\WinSxS\x86_microsoft.vc80.mfcloc_1fc8b3b9a1e18e3b_8.0.50727.6195_none_03ce2c72205943d3\MFC80CHS.DLL
0x75d30000 - 0x75d3b000 	C:\Windows\system32\profapi.dll
0x75cb0000 - 0x75cbc000 	C:\Windows\system32\CRYPTBASE.dll
0x74fe0000 - 0x75020000 	C:\Windows\system32\uxtheme.dll
0x749b0000 - 0x74b4e000 	C:\Windows\WinSxS\x86_microsoft.windows.common-controls_6595b64144ccf1df_6.0.7600.16661_none_420fe3fa2b8113bd\comctl32.dll
0x770b0000 - 0x7724d000 	C:\Windows\system32\SETUPAPI.dll
0x75e00000 - 0x75e27000 	C:\Windows\system32\CFGMGR32.dll
0x75de0000 - 0x75df2000 	C:\Windows\system32\DEVOBJ.dll
0x77610000 - 0x77693000 	C:\Windows\system32\CLBCatQ.DLL
0x74e10000 - 0x74f05000 	C:\Windows\system32\propsys.dll
0x75310000 - 0x75331000 	C:\Windows\system32\ntmarta.dll
0x76fa0000 - 0x76fe5000 	C:\Windows\system32\WLDAP32.dll
0x722f0000 - 0x7230c000 	C:\Windows\system32\iphlpapi.dll
0x722e0000 - 0x722e7000 	C:\Windows\system32\WINNSI.DLL
0x75660000 - 0x756a4000 	C:\Windows\system32\DNSAPI.dll
0x71ed0000 - 0x71edd000 	C:\Windows\system32\dhcpcsvc6.DLL
0x71f10000 - 0x71f22000 	C:\Windows\system32\dhcpcsvc.DLL
0x70a40000 - 0x70a43000 	C:\Windows\system32\icmp.Dll
0x79ae0000 - 0x79d36000 	C:\Program Files\MATLAB\R2010a\sys\java\jre\win32\jre\bin\client\jvm.dll
0x741e0000 - 0x74212000 	C:\Windows\system32\WINMM.dll
0x7bfc0000 - 0x7c016000 	C:\Program Files\MATLAB\R2010a\bin\win32\MSVCR71.dll
0x75c60000 - 0x75cab000 	C:\Windows\system32\apphelp.dll
0x746d0000 - 0x746e3000 	C:\Windows\system32\dwmapi.dll
0x08230000 - 0x0831b000 	C:\Windows\system32\dbghelp.dll
0x79f70000 - 0x79f78000 	C:\Program Files\MATLAB\R2010a\sys\java\jre\win32\jre\bin\hpi.dll
0x79f90000 - 0x79f9c000 	C:\Program Files\MATLAB\R2010a\sys\java\jre\win32\jre\bin\verify.dll
0x78cb0000 - 0x78ccf000 	C:\Program Files\MATLAB\R2010a\sys\java\jre\win32\jre\bin\java.dll
0x79fa0000 - 0x79faf000 	C:\Program Files\MATLAB\R2010a\sys\java\jre\win32\jre\bin\zip.dll
0x166d0000 - 0x16708000 	C:\Program Files\ThinkPad\Bluetooth Software\btmmhook.dll
0x78c40000 - 0x78c5e000 	C:\Program Files\MATLAB\R2010a\bin\win32\nativejava.dll
0x16840000 - 0x16852000 	C:\Windows\system32\MPR.dll
0x78c60000 - 0x78c85000 	C:\Program Files\MATLAB\R2010a\bin\win32\nativejmi.dll
0x7b650000 - 0x7b65a000 	C:\Program Files\MATLAB\R2010a\bin\win32\nativeservices.dll
0x798f0000 - 0x79a3a000 	C:\Program Files\MATLAB\R2010a\sys\java\jre\win32\jre\bin\awt.dll
0x7a020000 - 0x7a074000 	C:\Program Files\MATLAB\R2010a\sys\java\jre\win32\jre\bin\fontmanager.dll
0x78cd0000 - 0x78ce3000 	C:\Program Files\MATLAB\R2010a\sys\java\jre\win32\jre\bin\net.dll
0x757a0000 - 0x757dc000 	C:\Windows\system32\mswsock.dll
0x75790000 - 0x75796000 	C:\Windows\System32\wship6.dll

VM Arguments:
jvm_args: -Xss512k -XX:PermSize=32m -Xms64m -XX:NewRatio=3 -XX:MaxPermSize=64m -Xmx128m -XX:MaxDirectMemorySize=1200000000 -Dsun.java2d.noddraw=true -Dsun.awt.nopixfmt=true -Xshare:off -Xrs -Djava.library.path=C:\Program Files\MATLAB\R2010a\bin\win32 vfprintf abort 
java_command: <unknown>
Launcher Type: generic

Environment Variables:
PATH=C:\Program Files\MATLAB\R2010a\sys\java\jre\win32\jre\bin;C:\Program Files\MATLAB\R2010a\sys\webrenderer\windows\corecomponents;C:\Program Files\MATLAB\R2010a\sys\webrenderer\windows;C:\Program Files\Haskell\bin;C:\Program Files\Haskell Platform\2012.2.0.0\lib\extralibs\bin;C:\Program Files\Haskell Platform\2012.2.0.0\bin;C:\Program Files\PC Connectivity Solution\;C:\RailsInstaller\Git\cmd;C:\RailsInstaller\Ruby1.9.2\bin;C:\Windows\system32;C:\Windows;C:\Windows\System32\Wbem;C:\Windows\System32\WindowsPowerShell\v1.0\;C:\Program Files\ThinkPad\Bluetooth Software\;C:\Program Files\ATI Technologies\ATI.ACE\Core-Static;C:\Program Files\Common Files\Lenovo;C:\Program Files\Common Files\Roxio Shared\10.0\DLLShared\;C:\Program Files\Common Files\Roxio Shared\DLLShared\;C:\Program Files\Lenovo\Access Connections\;C:\CTEX\UserData\miktex\bin;C:\CTEX\MiKTeX\miktex\bin;C:\CTEX\CTeX\ctex\bin;C:\CTEX\CTeX\cct\bin;C:\CTEX\CTeX\ty\bin;C:\CTEX\Ghostscript\gs9.00\bin;C:\CTEX\GSview\gsview;C:\CTEX\WinEdt;C:\Program Files\MATLAB\R2010a\runtime\win32;C:\Program Files\MATLAB\R2010a\bin;C:\Program Files\Git\cmd;C:\Xilinx91i\bin\nt;C:\SWTOOLS\ReadyApps;C:\Program Files\Intel\WiFi\bin\;C:\Program Files\Common Files\Intel\WirelessCommon\;C:\Program Files\Microsoft SQL Server\100\Tools\Binn\;C:\Program Files\Microsoft SQL Server\100\DTS\Binn\;C:\Program Files\scala\\bin;C:\Users\defaultstr\AppData\Roaming\cabal\bin
USERNAME=defaultstr
OS=Windows_NT
PROCESSOR_IDENTIFIER=x86 Family 6 Model 23 Stepping 10, GenuineIntel



---------------  S Y S T E M  ---------------

OS: Windows NT 6.1 Build 7600 

CPU:total 2 (2 cores per cpu, 1 threads per core) family 6 model 7 stepping 10, cmov, cx8, fxsr, mmx, sse, sse2, sse3, ssse3

Memory: 4k page, physical 2578456k(660148k free), swap 4194303k(746748k free)

vm_info: Java HotSpot(TM) Client VM (11.2-b01) for windows-x86 JRE (1.6.0_12-b04), built on Jan 17 2009 09:57:14 by "java_re" with MS VC++ 7.1

time: Sun Nov 18 23:02:26 2012
elapsed time: 14496 seconds

